BUILD LOG
---------
Build Time: 2014-02-11T11:39:54

NODEJS INFORMATION
==================
nodejs: v0.8.21
chai: 1.9.0
grunt: 0.4.2
grunt-audit: 0.0.2
grunt-concat-sourcemap: 0.4.1
grunt-contrib-concat: 0.3.0
grunt-contrib-uglify: 0.3.2
grunt-contrib-yuidoc: 0.5.0
grunt-karma: 0.6.2
karma: 0.10.9
karma-chrome-launcher: 0.1.2
karma-coffee-preprocessor: 0.1.2
karma-crbot-reporter: 0.0.4
karma-firefox-launcher: 0.1.3
karma-html2js-preprocessor: 0.1.0
karma-ie-launcher: 0.1.1
karma-jasmine: 0.1.5
karma-mocha: 0.1.1
karma-phantomjs-launcher: 0.1.2
karma-requirejs: 0.2.1
karma-safari-launcher: 0.1.1
karma-script-launcher: 0.1.0
mocha: 1.17.1
requirejs: 2.1.10

REPO REVISIONS
==============
CustomElements: 6236589963ca20d49e2575e671e4a11e3df3fbec
HTMLImports: 0461b94029d8c858441ddcf816397c5b1234b025
NodeBind: f7cc76749e509e06fa7cbc9ba970f87f5fe33b5c
PointerEvents: e9234722f7da7b981241b3c122decf1a15fd23ce
PointerGestures: 0cded24896294ebecdfdad47583468f714a0a34e
ShadowDOM: 308a7c2e67032f746b5e52f4e27320ffe3a57ecd
TemplateBinding: 279934127f6777bdfb9f752e98eb0da172fbca1b
WeakMap: a0947a9a0f58f5733f464755c3b86de624b00a5d
observe-js: 3ba9aeec73f7864d519fb13c6f38cb10923cdfd9
platform: e959e3f63d51e9d5089ccb91d67171919c313862
polymer-expressions: 470cced7cf167bd164f0b924ceb088dd7a8240b9

BUILD HASHES
============
build/platform.js: 24f5bac99f338ca6dfc791d5ff1288f74805df2b