BUILD LOG
---------
Build Time: 2014-04-01T15:27:00

NODEJS INFORMATION
==================
nodejs: v0.10.26
chai: 1.9.1
grunt-concat-sourcemap: 0.4.1
grunt: 0.4.4
grunt-audit: 0.0.3
grunt-contrib-concat: 0.4.0
grunt-contrib-uglify: 0.4.0
grunt-contrib-yuidoc: 0.5.2
grunt-karma: 0.8.2
karma: 0.12.2
karma-firefox-launcher: 0.1.3
karma-crbot-reporter: 0.0.4
karma-mocha: 0.1.3
karma-ie-launcher: 0.1.4
karma-safari-launcher: 0.1.1
karma-script-launcher: 0.1.0
mocha: 1.18.2
Polymer: 0.2.2

REPO REVISIONS
==============
polymer-dev: 40bde06093289de27439809e0c5ea34b9be14b66

BUILD HASHES
============
build/polymer.js: 13d61f33186d09afa35cdf77fcfedb742f8a2880