BUILD LOG
---------
Build Time: 2014-03-05T20:10:31

NODEJS INFORMATION
==================
nodejs: v0.8.21
chai: 1.9.0
grunt: 0.4.2
grunt-audit: 0.0.2
grunt-concat-sourcemap: 0.4.1
grunt-contrib-concat: 0.3.0
grunt-contrib-uglify: 0.3.2
grunt-contrib-yuidoc: 0.5.0
grunt-karma: 0.6.2
karma: 0.10.9
karma-chrome-launcher: 0.1.2
karma-coffee-preprocessor: 0.1.2
karma-crbot-reporter: 0.0.4
karma-firefox-launcher: 0.1.3
karma-html2js-preprocessor: 0.1.0
karma-ie-launcher: 0.1.1
karma-jasmine: 0.1.5
karma-mocha: 0.1.1
karma-phantomjs-launcher: 0.1.2
karma-requirejs: 0.2.1
karma-safari-launcher: 0.1.1
karma-script-launcher: 0.1.0
mocha: 1.17.1
requirejs: 2.1.10

REPO REVISIONS
==============
polymer-dev: e6f6d2bdd318941562e46bc18adc8da2312cec36

BUILD HASHES
============
build/polymer.js: 183c6dd1ffc466c8a4667562e21830b361710e96